<?xml version="1.0" encoding="UTF-8"?>
<!-- Generated by org.testng.reporters.JUnitReportReporter -->
<testsuite hostname="DESKTOP-2BP4J25" failures="0" tests="3" name="com.demo.Testcase2" time="0.785" errors="0" timestamp="2021-05-13T19:35:03 IST" skipped="0">
  <testcase classname="com.demo.Testcase2" name="testcase2" time="0.140"/>
  <system-out>
Finding element null Found element null  </system-out>
  <testcase classname="com.demo.Testcase2" name="testcase2" time="0.070"/>
  <system-out>
Finding element null Found element null  </system-out>
  <testcase classname="com.demo.Testcase2" name="testcase2" time="0.575"/>
  <system-out>
Finding element null Found element null  </system-out>
</testsuite> <!-- com.demo.Testcase2 -->
