<?xml version="1.0" encoding="UTF-8"?>
<!-- Generated by org.testng.reporters.JUnitReportReporter -->
<testsuite hostname="DESKTOP-2BP4J25" failures="0" tests="1" name="com.demo.TestCase0" time="0.494" errors="0" timestamp="2021-05-13T19:43:08 IST" skipped="0">
  <testcase classname="com.demo.TestCase0" name="testcase5" time="0.494"/>
  <system-out/>
</testsuite> <!-- com.demo.TestCase0 -->
